2024-11-12 05:48:49,038 - INFO - url: http://175.178.251.183:6689/aktvlive.txt 获取成功，判断为txt格式
2024-11-12 05:48:49,039 - INFO - url: http://175.178.251.183:6689/aktvlive.txt 爬取成功✅，包含频道分类: AKTV
2024-11-12 05:48:49,140 - INFO - url: https://live.fanmingming.com/tv/m3u/ipv6.m3u 获取成功，判断为m3u格式
2024-11-12 05:48:49,141 - INFO - url: https://live.fanmingming.com/tv/m3u/ipv6.m3u 爬取成功✅，包含频道分类: 央视频道, 卫视频道, 数字频道, 上海频道, 浙江频道, 内蒙频道
2024-11-12 05:48:49,156 - INFO - url: https://raw.githubusercontent.com/yuanzl77/IPTV/main/直播/央视频道.txt 获取成功，判断为txt格式
2024-11-12 05:48:49,156 - INFO - url: https://raw.githubusercontent.com/yuanzl77/IPTV/main/直播/央视频道.txt 爬取成功✅，包含频道分类: 央视频道
2024-11-12 05:48:49,625 - ERROR - url: http://120.79.4.185/new/mdlive.txt 爬取失败❌, Error: 404 Client Error: Not Found for url: http://120.79.4.185/new/mdlive.txt
2024-11-12 05:48:49,637 - INFO - url: https://raw.githubusercontent.com/Fairy8o/IPTV/main/PDX-V4.txt 获取成功，判断为txt格式
2024-11-12 05:48:49,637 - INFO - url: https://raw.githubusercontent.com/Fairy8o/IPTV/main/PDX-V4.txt 爬取成功✅，包含频道分类: 👉4本链接已失效👈, 👉4请加视频中微信👈, 👉4以获取最新链接👈, 👉4唯一微信号:Star-Fairy6👈, 👉4定期更换新链接👈, 👉4不加此微信无售后👈
2024-11-12 05:48:49,650 - INFO - url: https://raw.githubusercontent.com/Fairy8o/IPTV/main/PDX-V6.txt 获取成功，判断为txt格式
2024-11-12 05:48:49,650 - INFO - url: https://raw.githubusercontent.com/Fairy8o/IPTV/main/PDX-V6.txt 爬取成功✅，包含频道分类: 👉6本链接已失效👈, 👉6请加视频中微信👈, 👉6以获取最新链接👈, 👉6唯一微信号:Star-Fairy6👈, 👉6定期更换新链接👈, 👉6不加此微信无售后👈
2024-11-12 05:48:50,008 - INFO - url: https://live.zhoujie218.top/tv/iptv6.txt 获取成功，判断为txt格式
2024-11-12 05:48:50,010 - INFO - url: https://live.zhoujie218.top/tv/iptv6.txt 爬取成功✅，包含频道分类: 央视频道, 卫视频道, 电影频道, 数字频道, 儿童频道, 地方频道, 综艺频道, 纪录频道, 体育频道, 游戏频道, 戏曲频道, 更新时间
2024-11-12 05:48:50,276 - INFO - url: https://github.com/bravenavigator/link/blob/main/live.m3u 获取成功，判断为txt格式
2024-11-12 05:48:50,277 - INFO - url: https://github.com/bravenavigator/link/blob/main/live.m3u 爬取成功✅，包含频道分类: <script type="application/json" data-target="react-app.embeddedData">{"payload":{"allShortcutsEnabled":false
2024-11-12 05:48:52,321 - INFO - url: http://ww.weidonglong.com/dsj.txt 获取成功，判断为txt格式
2024-11-12 05:48:52,324 - INFO - url: http://ww.weidonglong.com/dsj.txt 爬取成功✅，包含频道分类: 電視5, 央视频道, 央视-IPv6, 卫视-IPv6, 卫视-综合, 央视综合, 卫视综合, 体育综合, 咪咕直播, 广东综合, 浙江综合, 江苏综合, 黑龙江综合, 安徽综合, 广西综合, 江西综合, 湖南综合, 湖北综合, 河南综合, 河北综合, 山东综合, 宁夏综合, 山西综合, 四川综合, 云南综合, 内蒙综合, 青海综合, 甘肃综合, 福建综合, 海南综合, 西藏综合, 新疆综合, 上海综合, 吉林综合, 电影频道, 历年春晚, 👉获取更新
2024-11-12 05:48:52,693 - INFO - url: http://xhztv.top/zbc.txt 获取成功，判断为txt格式
2024-11-12 05:48:52,696 - INFO - url: http://xhztv.top/zbc.txt 爬取成功✅，包含频道分类: ﻿新闻频道, 央视, 央视IPv6, 卫视IPv6, 港湾频道, 广东地区, 直播中国, 体育频道, 少儿频道, 电影频道, 影视综合, MTV频道, 历届春晚, ♥聚玩盒子
2024-11-12 05:48:52,713 - ERROR - url: https://raw.githubusercontent.com/mlvjfchen/TV/main/iptv_list.txt 爬取失败❌, Error: 404 Client Error: Not Found for url: https://raw.githubusercontent.com/mlvjfchen/TV/main/iptv_list.txt
2024-11-12 05:48:52,736 - INFO - url: https://raw.githubusercontent.com/qingwen07/awesome-iptv/main/tvbox_live_all.txt 获取成功，判断为txt格式
2024-11-12 05:48:52,757 - INFO - url: https://raw.githubusercontent.com/qingwen07/awesome-iptv/main/tvbox_live_all.txt 爬取成功✅，包含频道分类: 央视, 新闻, 卫视台, 地方台, 港澳台, 埋堆堆, 影视, 体育, 音乐, 小品, 咪咕, 斗鱼, 少儿, 国外, IPV6, 
2024-11-12 05:48:53,092 - INFO - url: https://github.com/xmlim/1/blob/main/1.txt 获取成功，判断为txt格式
2024-11-12 05:48:53,093 - INFO - url: https://github.com/xmlim/1/blob/main/1.txt 爬取成功✅，包含频道分类: <script type="application/json" data-target="react-app.embeddedData">{"payload":{"allShortcutsEnabled":false
2024-11-12 05:48:53,105 - ERROR - url: https://raw.githubusercontent.com/Guovin/TV/gd/result.txt 爬取失败❌, Error: 404 Client Error: Not Found for url: https://raw.githubusercontent.com/Guovin/TV/gd/result.txt
2024-11-12 05:48:54,291 - INFO - url: http://home.jundie.top:81/Cat/tv/live.txt 获取成功，判断为txt格式
2024-11-12 05:48:54,295 - INFO - url: http://home.jundie.top:81/Cat/tv/live.txt 爬取成功✅，包含频道分类: 央视, 卫视, 港•澳•台, 埋堆堆
2024-11-12 05:48:54,320 - INFO - url: https://raw.githubusercontent.com/vbskycn/iptv/master/tv/hd.txt 获取成功，判断为txt格式
2024-11-12 05:48:54,328 - INFO - url: https://raw.githubusercontent.com/vbskycn/iptv/master/tv/hd.txt 爬取成功✅，包含频道分类: ﻿央视频道jxH, 江西本地jxH, 卫视频道jxH, 体育频道jxH, 儿童频道jxH, 特色频道jxH, 其他频道jxH, 央视频道ip6, 卫视频道ip6, 电影频道ip6, 数字频道ip6, 儿童频道ip6, 地方频道ip6, 综艺频道ip6, 纪录频道ip6, 体育频道ip6, 游戏频道ip6, 戏曲频道ip6, 更新时间ip6, 央视频道ip4, 卫视频道ip4, 电影频道ip4, 数字频道ip4, 儿童频道ip4, 地方频道ip4, 综艺频道ip4, 纪录频道ip4, 体育频道ip4, 解说频道ip4, 游戏频道ip4, 音乐频道ip4, 戏曲频道ip4, 更新时间ip4
2024-11-12 05:48:54,408 - INFO - url: https://cdn.jsdelivr.net/gh/YueChan/live@main/IPTV.m3u 获取成功，判断为m3u格式
2024-11-12 05:48:54,408 - INFO - url: https://cdn.jsdelivr.net/gh/YueChan/live@main/IPTV.m3u 爬取成功✅，包含频道分类: 央视, 卫视, 地方
2024-11-12 05:48:54,419 - INFO - url: https://raw.githubusercontent.com/cymz6/AutoIPTV-Hotel/main/lives.txt 获取成功，判断为txt格式
2024-11-12 05:48:54,419 - INFO - url: https://raw.githubusercontent.com/cymz6/AutoIPTV-Hotel/main/lives.txt 爬取成功✅，包含频道分类: 央视频道, 卫视频道, 其他频道
2024-11-12 05:48:54,435 - INFO - url: https://raw.githubusercontent.com/PizazzGY/TVBox_warehouse/main/live.txt 获取成功，判断为txt格式
2024-11-12 05:48:54,437 - INFO - url: https://raw.githubusercontent.com/PizazzGY/TVBox_warehouse/main/live.txt 爬取成功✅，包含频道分类: 央视频道, 卫视频道, 地方频道, 港·澳·台, 咪咕直播, 数字频道, 超高清频道, BesTV频道, iHOT频道, SiTV频道, NewTV频道
2024-11-12 05:48:55,173 - INFO - url: https://fm1077.serv00.net/SmartTV.m3u 获取成功，判断为m3u格式
2024-11-12 05:48:55,174 - INFO - url: https://fm1077.serv00.net/SmartTV.m3u 爬取成功✅，包含频道分类: 臺灣 Taiwan, 馬來西亞 Malaysia, 新加坡 Singapore, 印尼 Indonesia, 香港 Hongkong, 中國 China, 體育 Sports, 印度 Indian, 電影 Movie, 紀錄 Documentary, 新聞 News, 兒童 Kids, 泰國 Thailand, 英國 United Kingdom, 越南 Vietnam, 韓國 Korea, 日本 Japan
2024-11-12 05:48:55,188 - INFO - url: https://raw.githubusercontent.com/ssili126/tv/main/itvlist.txt 获取成功，判断为txt格式
2024-11-12 05:48:55,188 - INFO - url: https://raw.githubusercontent.com/ssili126/tv/main/itvlist.txt 爬取成功✅，包含频道分类: 央视频道, 卫视频道, 其他频道
2024-11-12 05:48:55,209 - INFO - url: https://raw.githubusercontent.com/kimwang1978/collect-tv-txt/main/merged_output.txt 获取成功，判断为txt格式
2024-11-12 05:48:55,241 - INFO - url: https://raw.githubusercontent.com/kimwang1978/collect-tv-txt/main/merged_output.txt 爬取成功✅，包含频道分类: 更新时间, 💓专享源🅰️, 💓专享源🅱️, 💓专享央视, 💓专享卫视, 💓港澳台📶, 💓台湾台📶, 💓电视剧🔁, 💓优质个源, 💓儿童专享, 🏀SPORTS⚽️, 💓咪咕直播, 🌐央视频道, 📡卫视频道, 上海频道, 体育频道, 电影频道, 电视剧频道, 明星, 主题片, 港澳台, 国际台, 纪录片, 动画片, 戏曲频道, 综艺频道, 音乐频道, 游戏频道, ☘️湖南频道, ☘️湖北频道, ☘️广东频道, ☘️浙江频道, ☘️山东频道, ☘️江苏频道, ☘️安徽频道, ☘️海南频道, ☘️内蒙频道, ☘️辽宁频道, ☘️陕西频道, ☘️山西频道, ☘️云南频道, ☘️北京频道, ☘️重庆频道, ☘️福建频道, ☘️甘肃频道, ☘️广西频道, ☘️贵州频道, ☘️河北频道, ☘️河南频道, ☘️黑龙江频道, ☘️吉林频道, ☘️江西频道, ☘️宁夏频道, ☘️青海频道, ☘️四川频道, ☘️天津频道, ☘️新疆频道, 解说频道, 春晚, 直播中国, MTV, 收音机频道, ❤️与凤行, ❤️以家人之名
2024-11-12 05:48:56,621 - INFO - url: http://175.178.251.183:6689/live.txt 获取成功，判断为txt格式
2024-11-12 05:48:56,628 - INFO - url: http://175.178.251.183:6689/live.txt 爬取成功✅，包含频道分类: 公告信息, 央视频道, 卫视频道, 港·澳·台, 少儿频道, 影视频道, 广东频道, 浙江频道
2024-11-12 05:48:59,732 - INFO - url: http://102.134.54.106:3099/live/全国酒店源mini.txt 获取成功，判断为txt格式
2024-11-12 05:48:59,732 - INFO - url: http://102.134.54.106:3099/live/全国酒店源mini.txt 爬取成功✅，包含频道分类: 加入群聊：719790842, 央视, 卫视, 省内, 少儿, 推荐, 其它, 高清, 轮播, 电影, 体育, 其他, 地方台, 卫视台
2024-11-12 05:48:59,813 - INFO - url: https://m3u.ibert.me/txt/fmml_dv6.txt 获取成功，判断为txt格式
2024-11-12 05:48:59,814 - INFO - url: https://m3u.ibert.me/txt/fmml_dv6.txt 爬取成功✅，包含频道分类: 央视频道, 卫视频道, 上海频道, 赛事直播, 购物频道
2024-11-12 05:48:59,855 - INFO - url: https://m3u.ibert.me/txt/o_cn.txt 获取成功，判断为txt格式
2024-11-12 05:48:59,857 - INFO - url: https://m3u.ibert.me/txt/o_cn.txt 爬取成功✅，包含频道分类: Religious, Undefined, News, Business, Kids, General, Sports, Movies, Education, Culture, Documentary, Music, Animation;Education;Family;Kids;Music, Animation;Kids, Family, Science, Education;Science
2024-11-12 05:48:59,911 - INFO - url: https://m3u.ibert.me/txt/j_iptv.txt 获取成功，判断为txt格式
2024-11-12 05:48:59,912 - INFO - url: https://m3u.ibert.me/txt/j_iptv.txt 爬取成功✅，包含频道分类: 央视台, 卫视台, 数字电视, 教育, 广东台, 湖南台, 江苏台, 安徽台, 浙江台, 北京台, 辽宁台, 山东台, 黑龙江台, 上海台, 云南台, 四川台, 河南台, 湖北台, 福建台, 重庆台, 河北台, 吉林台, 广西台, 山西台, 陕西台, 宁夏台, 海南台, 甘肃台, 内蒙古台, 贵州台, 青海台, 西藏台, 香港台, 国际
2024-11-12 05:49:00,017 - INFO - url: https://raw.githubusercontent.com/xzw832/cmys/main/S_CCTV.txt 获取成功，判断为txt格式
2024-11-12 05:49:00,122 - INFO - url: https://raw.githubusercontent.com/xzw832/cmys/main/S_weishi.txt 获取成功，判断为txt格式
2024-11-12 05:49:00,984 - INFO - url: http://itv.22m.top/ITVBox/tv/tvonline.txt 获取成功，判断为txt格式
2024-11-12 05:49:00,988 - INFO - url: http://itv.22m.top/ITVBox/tv/tvonline.txt 爬取成功✅，包含频道分类: 🥭芒果独播, 🇨🇳央视频道, 🇨🇳卫视频道, 🇨🇳台湾频道, 🇭🇰港澳频道, ⛩️北京频道, 🎬电影频道, 🦋秀美家乡, 🐟斗鱼电影, 🐠斗鱼电视, 👨‍🦱虎牙明星, 🐯虎牙电影, 😸虎牙电视, 🎮虎牙游戏, ♻️数字频道, ❇️SITV频道, 🔑NTV频道, 🔥HOT频道, 👶少儿频道, ⚓浙江频道, 🐑内蒙古频道, 🐲黑龙江频道, 🎡天津频道, 🍁河北频道, 🌽河南频道, 🌶湖南频道, 🍜湖北频道, 🍄云南频道, 🏕贵州频道, 🍲四川频道, ⛔福利彩蛋_686868
